<?xml version="1.0" encoding="UTF-8"?>
<!-- Generated by org.testng.reporters.JUnitReportReporter -->
<testsuite hostname="DESKTOP-F2U77VL" failures="0" tests="1" name="TestRunner.LoginPageTest" time="13.225" errors="0" timestamp="2023-11-08T22:57:35 IST" skipped="0">
  <testcase classname="TestRunner.LoginPageTest" name="login" time="13.225"/>
  <system-out/>
</testsuite> <!-- TestRunner.LoginPageTest -->
